_________________________________________
Generateur de jeu de donnees pour Dragon - test
Version X.X
_________________________________________
CIBLE keff = 1.1
E=8 Alpha=1.096493
enrichissement : E1=8.36820728712187448278 E2=7.63179271287812551724
enrichissement arrond. : E1=8 E2=7
geometry.core.pl 
86.8211500 ./files/DragonCoreGeom_TGE.templ
execute core with /home/physor/bin/POLYMTL/VERSION4/Version4_lgpl/Donjon/bin/Linux i686_gfortran/Donjon
use the existing directory run
RunDirectory: /tmp/rundir24
/tmp/rundir24
/home/physor/projects/physor-smr-p02/problem1_TcycleOptim/DragonJddGen/data/core.access script terminated
link DLIB_J3 to /home/physor/data/neutro/VERSION4/LIB/draglibJeff3p1p2SHEM295
link DLIB_J3XMAS to /home/physor/data/neutro/VERSION4/LIB/draglibJef2p2 DLIB_J3XMAS
code
CTDB.db
DLIB_J3
DLIB_J3XMAS
FCIDB.db
FCODB.db
HEDB.db
mydata
REDB.db
tdraglib access script terminated
end of execution
the listing is located on ./run
->@COPYRIGHTS   : ECOLE POLYTECHNIQUE DE MONTREAL  
                  GNU LESSER GENERAL PUBLIC LICENSE

 DRVEQU: A LCM OBJECT NAMED 'FLUX        ' WAS EXPORTED TO FILE 'FLUX.db     '.
->@END MODULE   : EQU:        
-->>TIME SPENT IN MODULE EQU:        :      0.000

 @END MODULE -> EQU:        

-->>TIME SPENT IN MODULE EQU:        :      0.000


 @NORMAL END OF EXECUTION FOR DONJON 4  Version 4.0.6 ($Revision: 1666 $)               
 @CHECK FOR WARNINGS IN LISTING
 @BEFORE ASSUMING YOUR RUN WAS SUCCESSFUL
 ++ TRACKING CALLED=  70 TIMES FINAL KINF=6.640612E-01 FINAL KEFF=6.661153E-01 B2= 0.00000E+00 PRECISION= 2.23E-03
E=20 Alpha=1.096493
enrichissement : E1=20.92051821780468620695 E2=19.07948178219531379311
enrichissement arrond. : E1=20 E2=19
geometry.core.pl 
86.8211500 ./files/DragonCoreGeom_TGE.templ
execute core with /home/physor/bin/POLYMTL/VERSION4/Version4_lgpl/Donjon/bin/Linux i686_gfortran/Donjon
use the existing directory run
RunDirectory: /tmp/rundir24
/tmp/rundir24
/home/physor/projects/physor-smr-p02/problem1_TcycleOptim/DragonJddGen/data/core.access script terminated
link DLIB_J3 to /home/physor/data/neutro/VERSION4/LIB/draglibJeff3p1p2SHEM295
link DLIB_J3XMAS to /home/physor/data/neutro/VERSION4/LIB/draglibJef2p2 DLIB_J3XMAS
code
CTDB.db
DLIB_J3
DLIB_J3XMAS
FCIDB.db
FCODB.db
HEDB.db
mydata
REDB.db
tdraglib access script terminated
end of execution
the listing is located on ./run
->@COPYRIGHTS   : ECOLE POLYTECHNIQUE DE MONTREAL  
                  GNU LESSER GENERAL PUBLIC LICENSE

 DRVEQU: A LCM OBJECT NAMED 'FLUX        ' WAS EXPORTED TO FILE 'FLUX.db     '.
->@END MODULE   : EQU:        
-->>TIME SPENT IN MODULE EQU:        :      0.000

 @END MODULE -> EQU:        

-->>TIME SPENT IN MODULE EQU:        :      0.000


 @NORMAL END OF EXECUTION FOR DONJON 4  Version 4.0.6 ($Revision: 1666 $)               
 @CHECK FOR WARNINGS IN LISTING
 @BEFORE ASSUMING YOUR RUN WAS SUCCESSFUL
 ++ TRACKING CALLED=  70 TIMES FINAL KINF=1.145561E+00 FINAL KEFF=1.151886E+00 B2= 0.00000E+00 PRECISION= 1.21E-03
E=18.7183 Alpha=1.096493
enrichissement : E1=19.57982680781667289138 E2=17.85677319218332710868
enrichissement arrond. : E1=19 E2=17 E=18
geometry.core.pl 
86.8211500 ./files/DragonCoreGeom_TGE.templ
execute core with /home/physor/bin/POLYMTL/VERSION4/Version4_lgpl/Donjon/bin/Linux i686_gfortran/Donjon
use the existing directory run
RunDirectory: /tmp/rundir24
/tmp/rundir24
/home/physor/projects/physor-smr-p02/problem1_TcycleOptim/DragonJddGen/data/core.access script terminated
link DLIB_J3 to /home/physor/data/neutro/VERSION4/LIB/draglibJeff3p1p2SHEM295
link DLIB_J3XMAS to /home/physor/data/neutro/VERSION4/LIB/draglibJef2p2 DLIB_J3XMAS
code
CTDB.db
DLIB_J3
DLIB_J3XMAS
FCIDB.db
FCODB.db
HEDB.db
mydata
REDB.db
tdraglib access script terminated
end of execution
the listing is located on ./run
->@COPYRIGHTS   : ECOLE POLYTECHNIQUE DE MONTREAL  
                  GNU LESSER GENERAL PUBLIC LICENSE

 DRVEQU: A LCM OBJECT NAMED 'FLUX        ' WAS EXPORTED TO FILE 'FLUX.db     '.
->@END MODULE   : EQU:        
-->>TIME SPENT IN MODULE EQU:        :      0.000

 @END MODULE -> EQU:        

-->>TIME SPENT IN MODULE EQU:        :      0.000


 @NORMAL END OF EXECUTION FOR DONJON 4  Version 4.0.6 ($Revision: 1666 $)               
 @CHECK FOR WARNINGS IN LISTING
 @BEFORE ASSUMING YOUR RUN WAS SUCCESSFUL
 ++ TRACKING CALLED=  71 TIMES FINAL KINF=1.110151E+00 FINAL KEFF=1.115338E+00 B2= 0.00000E+00 PRECISION= 1.81E-03
E=17.6586 Alpha=1.096493
enrichissement : E1=18.47135315004629159270 E2=16.84584684995370840734
enrichissement arrond. : E1=18 E2=16 E=17
