_________________________________________
Generateur de jeu de donnees pour Dragon - test
Version X.X
_________________________________________
Recherche d enrichissement tel que keff (t=0) = 1.10000
3.99user 0.02system 0:04.11elapsed 97%CPU (0avgtext+0avgdata 112096maxresident)k
1400inputs+448outputs (4major+7286minor)pagefaults 0swaps
mv: `CTDB.db' and `/home/physor/projects/physor-smr-p02/problem1_TcycleOptim/DragonJddGen/run/CTDB.db' are the same file
mv: `FCIDB.db' and `/home/physor/projects/physor-smr-p02/problem1_TcycleOptim/DragonJddGen/run/FCIDB.db' are the same file
mv: `FCODB.db' and `/home/physor/projects/physor-smr-p02/problem1_TcycleOptim/DragonJddGen/run/FCODB.db' are the same file
mv: `HEDB.db' and `/home/physor/projects/physor-smr-p02/problem1_TcycleOptim/DragonJddGen/run/HEDB.db' are the same file
mv: `REDB.db' and `/home/physor/projects/physor-smr-p02/problem1_TcycleOptim/DragonJddGen/run/REDB.db' are the same file
3.61user 0.08system 0:04.42elapsed 83%CPU (0avgtext+0avgdata 112080maxresident)k
3760inputs+448outputs (7major+7282minor)pagefaults 0swaps
mv: `CTDB.db' and `/home/physor/projects/physor-smr-p02/problem1_TcycleOptim/DragonJddGen/run/CTDB.db' are the same file
mv: `FCIDB.db' and `/home/physor/projects/physor-smr-p02/problem1_TcycleOptim/DragonJddGen/run/FCIDB.db' are the same file
mv: `FCODB.db' and `/home/physor/projects/physor-smr-p02/problem1_TcycleOptim/DragonJddGen/run/FCODB.db' are the same file
mv: `HEDB.db' and `/home/physor/projects/physor-smr-p02/problem1_TcycleOptim/DragonJddGen/run/HEDB.db' are the same file
mv: `REDB.db' and `/home/physor/projects/physor-smr-p02/problem1_TcycleOptim/DragonJddGen/run/REDB.db' are the same file
3.67user 0.04system 0:03.84elapsed 96%CPU (0avgtext+0avgdata 112080maxresident)k
2616inputs+456outputs (4major+7286minor)pagefaults 0swaps
mv: `CTDB.db' and `/home/physor/projects/physor-smr-p02/problem1_TcycleOptim/DragonJddGen/run/CTDB.db' are the same file
mv: `FCIDB.db' and `/home/physor/projects/physor-smr-p02/problem1_TcycleOptim/DragonJddGen/run/FCIDB.db' are the same file
mv: `FCODB.db' and `/home/physor/projects/physor-smr-p02/problem1_TcycleOptim/DragonJddGen/run/FCODB.db' are the same file
mv: `HEDB.db' and `/home/physor/projects/physor-smr-p02/problem1_TcycleOptim/DragonJddGen/run/HEDB.db' are the same file
mv: `REDB.db' and `/home/physor/projects/physor-smr-p02/problem1_TcycleOptim/DragonJddGen/run/REDB.db' are the same file

real	0m13.164s
user	0m11.293s
sys	0m0.388s
E	E1	E2	KEFF
8	8	7	6.661153E-01
20	20	19	1.151886E+00
18.00000000000000000000	19	17	1.115338E+00
17.6586	18	16	STOP
Fin de la recherche d enrichissement
geometry.core.pl 
86.8211500 ./files/DragonCoreGeom_TGE.templ
execute core with /home/physor/bin/POLYMTL/VERSION4/Version4_lgpl/Donjon/bin/Linux i686_gfortran/Donjon
use the existing directory run
RunDirectory: /tmp/rundir24
/tmp/rundir24
/home/physor/projects/physor-smr-p02/problem1_TcycleOptim/DragonJddGen/data/core.access script terminated
link DLIB_J3 to /home/physor/data/neutro/VERSION4/LIB/draglibJeff3p1p2SHEM295
link DLIB_J3XMAS to /home/physor/data/neutro/VERSION4/LIB/draglibJef2p2 DLIB_J3XMAS
code
CTDB.db
DLIB_J3
DLIB_J3XMAS
FCIDB.db
FCODB.db
FLUX.db
HEDB.db
mydata
REDB.db
tdraglib access script terminated
