_________________________________________
Generateur de jeu de donnees pour Dragon - test
Version X.X
_________________________________________
CIBLE keff = 1.1
E=8 Alpha=.027029
enrichissement : E1=.42108255949929359346 E2=15.57891744050070640645
enrichissement arrond. : E1=0 E2=15
geometry.core.pl 
115.03980 ./files/DragonCoreGeom_TGE.templ
E=20 Alpha=.027029
enrichissement : E1=1.05270639874823398365 E2=38.94729360125176601613
enrichissement arrond. : E1=1 E2=38
geometry.core.pl 
115.03980 ./files/DragonCoreGeom_TGE.templ
execute core with /home/physor/bin/POLYMTL/VERSION4/Version4_lgpl/Donjon/bin/Linux i686_gfortran/Donjon
use the existing directory run
RunDirectory: /tmp/rundir25
/tmp/rundir25
/home/physor/projects/physor-smr-p02/problem1_TcycleOptim/DragonJddGen/data/core.access script terminated
link DLIB_J3 to /home/physor/data/neutro/VERSION4/LIB/draglibJeff3p1p2SHEM295
link DLIB_J3XMAS to /home/physor/data/neutro/VERSION4/LIB/draglibJef2p2 DLIB_J3XMAS
code
CTDB.db
DLIB_J3
DLIB_J3XMAS
FCIDB.db
FCODB.db
HEDB.db
mydata
REDB.db
tdraglib access script terminated
end of execution
the listing is located on ./run
->@COPYRIGHTS   : ECOLE POLYTECHNIQUE DE MONTREAL  
                  GNU LESSER GENERAL PUBLIC LICENSE

 DRVEQU: A LCM OBJECT NAMED 'FLUX        ' WAS EXPORTED TO FILE 'FLUX.db     '.
->@END MODULE   : EQU:        
-->>TIME SPENT IN MODULE EQU:        :      0.000

 @END MODULE -> EQU:        

-->>TIME SPENT IN MODULE EQU:        :      0.000


 @NORMAL END OF EXECUTION FOR DONJON 4  Version 4.0.6 ($Revision: 1666 $)               
 @CHECK FOR WARNINGS IN LISTING
 @BEFORE ASSUMING YOUR RUN WAS SUCCESSFUL
 ++ TRACKING CALLED=  30 TIMES FINAL KINF=1.707598E+00 FINAL KEFF=1.399781E+00 B2= 0.00000E+00 PRECISION= 1.34E-05
E=15.7167 Alpha=.027029
enrichissement : E1=.82725353286031845254 E2=30.60614646713968154722
enrichissement arrond. : E1=0 E2=30 E=15
geometry.core.pl 
115.03980 ./files/DragonCoreGeom_TGE.templ
E=15.7167 Alpha=.027029
enrichissement : E1=.82725353286031845254 E2=30.60614646713968154722
enrichissement arrond. : E1=0 E2=30 E=15
