_________________________________________
Generateur de jeu de donnees pour Dragon - test
Version X.X
_________________________________________
Recherche d enrichissement tel que keff (t=0) = 1.10000
3.59user 0.06system 0:03.77elapsed 96%CPU (0avgtext+0avgdata 112016maxresident)k
0inputs+424outputs (0major+7285minor)pagefaults 0swaps
mv: `CTDB.db' and `/home/physor/projects/physor-smr-p02/problem1_TcycleOptim/DragonJddGen/run/CTDB.db' are the same file
mv: `FCIDB.db' and `/home/physor/projects/physor-smr-p02/problem1_TcycleOptim/DragonJddGen/run/FCIDB.db' are the same file
mv: `FCODB.db' and `/home/physor/projects/physor-smr-p02/problem1_TcycleOptim/DragonJddGen/run/FCODB.db' are the same file
mv: `HEDB.db' and `/home/physor/projects/physor-smr-p02/problem1_TcycleOptim/DragonJddGen/run/HEDB.db' are the same file
mv: `REDB.db' and `/home/physor/projects/physor-smr-p02/problem1_TcycleOptim/DragonJddGen/run/REDB.db' are the same file

real	0m4.070s
user	0m3.608s
sys	0m0.128s
E	E1	E2	KEFF
20	1	38	1.399781E+00
15.7167	0	30	STOP
Fin de la recherche d enrichissement
mv: cannot stat `run/FLUX.db': No such file or directory
geometry.core.pl 
115.03980 ./files/DragonCoreGeom_TGE.templ
cp: cannot stat `/home/physor/projects/physor-smr-p02/problem1_TcycleOptim/DragonJddGen/./files/Lib6G-XMAS172/FC0.M3.db': No such file or directory
execute core with /home/physor/bin/POLYMTL/VERSION4/Version4_lgpl/Donjon/bin/Linux i686_gfortran/Donjon
use the existing directory run
RunDirectory: /tmp/rundir25
/tmp/rundir25
/home/physor/projects/physor-smr-p02/problem1_TcycleOptim/DragonJddGen/data/core.access script terminated
link DLIB_J3 to /home/physor/data/neutro/VERSION4/LIB/draglibJeff3p1p2SHEM295
link DLIB_J3XMAS to /home/physor/data/neutro/VERSION4/LIB/draglibJef2p2 DLIB_J3XMAS
code
CTDB.db
DLIB_J3
DLIB_J3XMAS
FCODB.db
FLUX.db
HEDB.db
mydata
REDB.db
tdraglib access script terminated
0.00user 0.00system 0:00.00elapsed 88%CPU (0avgtext+0avgdata 5152maxresident)k
0inputs+176outputs (0major+372minor)pagefaults 0swaps
end of execution
mv: `CTDB.db' and `/home/physor/projects/physor-smr-p02/problem1_TcycleOptim/DragonJddGen/run/CTDB.db' are the same file
mv: `FCODB.db' and `/home/physor/projects/physor-smr-p02/problem1_TcycleOptim/DragonJddGen/run/FCODB.db' are the same file
mv: `FLUX.db' and `/home/physor/projects/physor-smr-p02/problem1_TcycleOptim/DragonJddGen/run/FLUX.db' are the same file
mv: `HEDB.db' and `/home/physor/projects/physor-smr-p02/problem1_TcycleOptim/DragonJddGen/run/HEDB.db' are the same file
mv: `REDB.db' and `/home/physor/projects/physor-smr-p02/problem1_TcycleOptim/DragonJddGen/run/REDB.db' are the same file
the listing is located on ./run
                                                                            0458
END: ;                                                                      0459
QUIT .                                                                  IMPLICIT

1     ERROR IN OPENING OF FILE IN KDROPN
      FILE NAME = FCIDB.db                                                                
      FILE TYPE = SEQUENTIAL CHARACTER  
         IERCOD =       2
  KERNEL: PROBLEM WHEN OPENING FILE *FCIDB.db                                                                *
KERNEL: KDROPN FAILURE. IRC= -8                                         
 KERNEL ERROR CODE=         666
 DONJON: KERNEL ERROR
 DESTROY DA FILE = _FIL001       UNIT =         99

 ABORT REQUESTED.
13.78508700226115268000 15.00000000000000000000 0
